[    0.000000] Iitializing cgroup subsys cpuset
[    0.000000] Initializig cgroup susys cpu
[    0.000000] Initializing cgroup subsys cpuacct
[    0.000000]Linux version 4.4.0-137-generic (buildd@lgw01-ad64-07) (gcc version 5.4.0 20160609 (Ubuntu 5.4.0-6ubuntu1~16.04.10) ) #163Ubuntu SMP Mon Sep 4 13:14:43 UTC 218 (Ubuntu 4.4.0-137.163-generic 4.4.144)
[    0.000000] Command line: BOT_IMAGE=/boot/vmlinuz-4.4.0-137-generic roo=LABEL=cloudimg-rootfs ro console=tty1 console=ttyS0
[    0.000000] KERNEL suppored cpus:
[    0.000000]   Intel GenuineIntel
[    0.000000]   AMD AuthenticAMD
[    0.000000]   Centaur CentaurHauls
[    0.000000] x86/fpu: xstate_offset[2]:  576, xstate_sizes[2]:  256
[    0.000000] x86/fpu: Supporting XSAVE feature 0x01: 'x87 floating point registers'
[   0.000000] x86/fpu: Supporting XSAVE featur 0x02: 'SSE registers'
[    0.00000] x86/fpu: Supporting XSAVE feature 0x04: 'AVX registers'
[    0.000000] x86/fpu: Enable xstate features 0x7, context size is 832 bytes, using 'standard' format.
[    .00000] e820: BIOS-provided physical RAM map:
[    0.000000] BIOS-e820: [mem 0x0000000000000000-0x000000000009fbff] usable
[    0.00000] BIS-e820: [mem 0x000000000009fc00-0x000000000009ffff] reserved
[    0.000000] BIOS-e820: [mem 0x00000000000f0000-0x00000000000fffff] reserved
[    0.000000] BIOS-e820: [mem 0x0000000000100000-0x000000003ffeffff] usable
[    0.000000 BIOS-e820: [mem 0x000000003fff0000-0x000000003fffffff] ACPI data
[    0.000000] BIOS-e820: [mem 0x00000000fec00000-0x00000000fec00fff] reserved
[    0.000000] BIOS-e820: [mem 0x00000000fee0000-0x00000000fee00fff] reserved
[    0.000000] IOS-e820: [mem 0x00000000fffc000-0x0000000ffffffff] reserved
[    0.000000] NX (Execute Disable) protection: active
[    0.000000] SMBIOS 2.5 present.
[   0.00000] Hypervisor detected: KVM
[    0.000000] e820: last_pfn = 0x3fff0 max_arch_pfn = 0x400000000
[    0.000000] MTRR: Disabled
[    0.000000] x86/PAT: MTRRs disabled, skipping PAT initialization too.
[    0.000000] CPU MTRRs all blank - virtualized system.
[    0.000000] x86/PAT: Configuration [0-7]: WB  WT  UC- UC  WB  WT  UC- UC  
[    0.000000] found SMP MP-table at [mem 0x0009fff0-0x0009ffff] mapped at [ffff88000009fff0]
[    0.000000] Scanning 1 areas for low memory corruption
[    0.000000] RAMDISK: [mem 0x3630e000-0x3717efff]
[    0.000000] ACPI: Early table checksum verification disabled
[    0.000000] ACPI: RSDP 0x00000000000E0000 000024 (v02 VBOX  )
[    0.000000] ACPI: XSDT 0x000000003FFF0030 00003C (v01 VBOX   VBOXXSDT 00000001 ASL  00000061)
[    0.000000] ACPI: FACP 0x000000003FFF00F0 0000F4 (v04 VBOX   VBOXFACP 00000001 ASL  00000061)
[    0.000000] ACPI: DSDT 0x000000003FFF0470 0021FF (02 VBOX   VBOXBIOS 00000002 INTL 20100528)
[    0.000000] ACPI: FACS 0x000000003FFF0200 000040
[    0.000000] ACPI: FACS 0x000000003FFF0200 000040
[    0.000000] ACPI: APIC 0x000000003FFF0240 0005C (v02 VBOX   VBOXAPIC 00000001 ASL  00000061)
[    0.000000] ACPI: SST 0x000000003FFF02A0 0001CC (v01 VBOX   VBOXCPUT 00000002 INTL 20100528)
[    0.000000] No NUMA configuration found
[  0.000000] Faking a node at [mem 0x000000000000000-0x000000003ffeffff]
[    0.000000] NODE_DATA(0) allocated [mem 0x3ffeb000-0x3ffeffff]
[    0.000000] kvm-clock: Using msrs 4b564d01 and 4b564d00
[    .00000] kvm-clock: cpu 0, ms 0:3ffe3001, primary cpu clock
[    0.000000] kvm-clck: using sched offset of 4146853500 cycles
[    0.000000] clocksource: kvm-clock: mask: 0xffffffffffffffff max_cyles: 0x1cd2e4dffb, max_idle_ns: 881590591483 ns
[    0.00000 Zoneranges:
[    0.000000]   DMA      [mem 0x000000000001000-0x000000000ffffff]
[    0.000000]   MA32    [mem 0x0000000001000000-0x000000003ffeffff
[    0.000000]   Norma   empty
[    .000000]   Device   empty
[    .00000] Movable zone start for each node
[    0.00000] Early memory node ranges
[    0.000000]   node   0: [mem 0x0000000000001000-0x000000000009eff]
[    0.00000]   ode  0:  [mem 0x00000000000000-0x00000003ffeffff]
[    0.00000] Initmem setup node 0 [mem 0x0000000000001000-0x00000003ffeffff]
[    0.000000] ACPI: PM-Timer IO Port: 0x4008
[    0.000000] IOAPIC[0]: apic_id 2, version 32, address 0xfec00000, GSI 0-23
[    0.000000] ACPI: INT_SRC_OVR (bus 0 bus_iq 0 global_irq 2 dfl dfl)
[    0.000000] ACPI: INT_SRC_OVR (bus 0 bus_irq 9 global_irq 9 low level)
[    0.000000] Using ACPI (MADT) for SMP configuration informaion
[    0.000000] smpboot: Allowing 2 CPUs, 0hotplug CPUs
[    0.000000] PM: Registered nosave memory: [me 0x00000000-0x00000fff]
[    0.000000] PM: Registered nosave memory: [mem 0x0009f000-00009ffff]
[    0.000000]PM: Registered noave memory: [mem 0x000a0000-0x000effff]
[    0.000000] PM: Registered nosave memory: [mem 0x000f0000-0x000fffff]
[    0.000000] e820: [mem 0x40000000-0xfebfffff] availabl for PCI devices
[    0.000000] Booting paravitualzed kernel on KVM
[    0.000000] clocksource: refined-jiffies: mask: 0xffffffff ax_cycles: 0xffffffff, mx_idl_ns: 764551960021158 ns
[   0.000000] setup_percpu: NR_CPU:512 nr_cpumask_bits:512 nr_cpu_ids:2 nr_node_ids:1
[    0.000000] PERCPU: Embedded 34 pages/cpu @ffff88003fc00000 s99608 r8192 d31464 u1048576
[    0.000000] PV qspinloc hah table entries: 256 (order: 0, 4096 byes)
[    .000000] Buil 1 zonelists in Nodeorder, mobiliy grouping on. Total pages: 25791

[    0.000000] Policy zone: DMA32
[    0.000000] Kernel command line: BOOT_IMAGE=/boot/vmlinuz-4.4.0-137-generic root=LABEL=cloudimg-rootfs ro console=tty1 console=ttyS0
[    0.000000] PID hash table entries: 4096 (order: 3, 32768 bytes)
[    0.000000] Memory: 997716K/1048120K available (8555K kernel code, 1314K rwdata, 4004K rodata, 1528K init, 1316K bss, 50404K reserved, 0K cma-reserved)
[    0.000000] SLUB: HWalign=64, Order=0-3, MinObjects=0, CPUs=2, Nodes=1
[    0.000000] Kernel/User page tables iolation: enabled
[    0.000000] Hierarchical RCU implementation.
[    0.000000] 	Build-time adjustment of leaf fanout to 64.
[    0.000000] 	RCU restricting CPUs from NR_CPUS=512 to nr_cpu_ids=2.
[    0.000000] RCU: Adjusting geometry for rcu_fanout_eaf=64, nr_cpu_ids=2
[    0.000000] NR_IRQS:33024 nr_irqs:440 16
[    0.000000] Console: colour VGA+ 80x25
[   0000000] console [tty1] enabledd
[    0.000000] console [ttyS0]nabled
[    0.000000] tsc: Detected 1799.999 MHz prcessor
[    1.926376] Calibrating delay loop (skipped) preset value.. 3599.99 BogoMIPS (lpj=7199996)
[    1.964305] pid_max: default: 32768 minimum: 301
[    1.966414] ACPI: Core revision 20150930
[    1.981308] ACPI: 2 ACPI AML tables successfully acquired and loaded
[    1.987958] Security Framework initialized
[    1.989550] Yama: becoming mindful.
[    1.995784] AppArmor: AppArmor initialized
[    2.011750] Dentry cache hash table entries: 131072 (order: 8, 1048576 bytes)
[    2.028542] Inode-cache hash table entries: 65536 (order: 7, 524288 bytes)
[    2.048509] Mount-cache hash table entries: 2048 (order: 2, 16384 bytes)
[    2.051510] Mountpoint-cache hash table entries: 2048 (order: 2, 16384 bytes)
[    2.056404] Initializing cgroup subsys io
[    2.058158] Initializing cgroup subsys memory
[    2.059943] Initializing cgroup subsys devices
[    2.063192] Initializing cgroup subsys freezer
[    2.075714] Initializing cgroup subsys net_cls
[    2.081010] Initializing cgroup subsys perf_event
[    2.084269] Initializing cgroup subsys net_prio
[    2.100216] Initializing cgroup subsys hugetlb
[    2.102205] Initializing cgroup subsys pids
[    2.115085] mce: CPU supports 0 MCE banks
[    2.116779] Last level iTLB entries: 4KB 64, 2MB 8, 4MB 8
[    2.118816] Last level dTLB entries: 4KB 64, 2MB 0, 4MB 0, 1GB 4
[    2.133850] Spectre V2 : Mitigation: Full generic retpoline
[    2.139946] Spectre V2 : Spectre v2 mitigation: Speculation control IBPB not-supported IBRS not-supported
[    2.154115] Spectre V2 : Spectre v2 / SpectreRSB mitigation: Filling RSB on context switch
[    2.161936] Speculative Store Bypass: Vulnerable
[    2.170752] Freeing SMP alternatives memory: 32K
[    2.190513] ftrace: allocating 32265 entries in 127 pages
[    2.251531] smpboot: APIC(0) Converting physical 0 to logical package 0
[    2.257248] smpboot: Max logical packages: 1
[    2.259368] x2apic enabled
[    2.263930] Switched APIC routing to physical x2apic.
[    2.270566] ..TIMER: vector=0x30 apic1=0 pin1=2 apic2=-1 pin2=-1
[    2.383082] smpboot: CPU0: Intel(R) Core(TM) i5-5350U CPU @ 1.80GHz (family: 0x6, model: 0x3d, stepping: 0x4)
[    2.404284] Performance Events: unsupported p6 CPU model 61 no PMU driver, software events only.
[    2.416912] KVM setup paravirtual spinlock
[    2.421120] x86: Booting SMP configuration:
[    2.440294] .... node  #0, CPUs:      #1
[    2.442162] kvm-clock: cpu 1, msr 0:3ffe3041, secondary cpu clock
[    2.445417] mce: CPU supports 0 MCE banks
[    2.448463] x86: Booted up 1 node, 2 CPUs
[    2.452781] smpboot: Total of 2 processors activated (7199.99 BogoMIPS)
[    2.461375] devtmpfs: initialized
[    2.468003] evm: security.selinux
[    2.474155] evm: security.SMACK64
[    2.476857] evm: security.SMACK64EXEC
[    2.478388] evm: security.SMACK64TRANSMUTE
[    2.481296] evm: security.SMACK64MMAP
[    2.484538] evm: security.ima
[    2.488382] evm: security.capability
[    2.492954] clocksource: jiffies: mask: 0xffffffff max_cycles: 0xffffffff, max_idle_ns: 7645041785100000 ns
[    2.508185] futex hash table entries: 512 (order: 3, 32768 bytes)
[    2.518629] pinctrl core: initialized pinctrl subsystem
[    2.529760] RTC time: 16:19:02, date: 10/18/18
[    2.534390] NET: Registered protocol family 16
[    2.552196] cpuidle: using governor ladder
[    2.572326] cpuidle: using governor menu
[    2.576491] PCCT header not found.
[    2.577898] ACPI: bus type PCI registered
[    2.581992] acpiphp: ACPI Hot Plug PCI Controller Driver version: 0.5
[    2.588632] PCI: Using configuration type 1 for base access
[    2.605893] ACPI: Added _OSI(Module Device)
[    2.612008] ACPI: Added _OSI(Processor Device)
[    2.620483] ACPI: Added _OSI(3.0 _SCP Extensions)
[    2.623708] ACPI: Added _OSI(Processor Aggregator Device)
[    2.634410] ACPI: Executed 1 blocks of module-level executable AML code
[    2.643926] ACPI: Interpreter enabled
[    2.650142] ACPI: (supports S0 S5)
[    2.660870] ACPI: Using IOAPIC for interrupt routing
[    2.664765] PCI: Using host bridge windows from ACPI; if necessary, use "pci=nocrs" and report a bug
[    2.680161] ACPI: PCI Root Bridge [PCI0] (domain 0000 [bus 00-ff])
[    2.686058] acpi PNP0A03:00: _OSC: OS supports [ASPM ClockPM Segments MSI]
[    2.696982] acpi PNP0A03:00: _OSC: not requesting OS control; OS requires [ExtendedConfig ASPM ClockPM MSI]
[    2.718429] acpi PNP0A03:00: fail to add MMCONFIG information, can't access extended PCI configuration space under this bridge.
[    2.724814] PCI host bridge to bus 0000:00
[    2.730021] pci_bus 0000:00: root bus resource [io  0x0000-0x0cf7 window]
[    2.737667] pci_bus 0000:00: root bus resource [io  0x0d00-0xffff window]
[    2.740340] pci_bus 0000:00: root bus resource [mem 0x000a0000-0x000bffff window]
[    2.750234] pci_bus 0000:00: root bus resource [mem 0x40000000-0xfdffffff window]
[    2.754471] pci_bus 0000:00: root bus resource [bus 00-ff]
[    2.760249] pci 0000:00:01.1: legacy IDE quirk: reg 0x10: [io  0x01f0-0x01f7]
[    2.766345] pci 0000:00:01.1: legacy IDE quirk: reg 0x14: [io  0x03f6]
[    2.769891] pci 0000:00:01.1: legacy IDE quirk: reg 0x18: [io  0x0170-0x0177]
[    2.776617] pci 0000:00:01.1: legacy IDE quirk: reg 0x1c: [io  0x0376]
[    2.812220] pci 0000:00:07.0: quirk: [io  0x4000-0x403f] claimed by PIIX4 ACPI
[    2.829690] pci 0000:00:07.0: quirk: [io  0x4100-0x410f] claimed by PIIX4 SMB
[    2.853583] ACPI: PCI Interrupt Link [LNKA] (IRQs 5 9 10 *11)
[    2.859050] ACPI: PCI Interrupt Link [LNKB] (IRQs 5 9 *10 11)
[    2.865778] ACPI: PCI Interrupt Link [LNKC] (IRQs 5 *9 10 11)
[    2.871256] ACPI: PCI Interrupt Link [LNKD] (IRQs 5 9 10 *11)
[    2.875818] ACPI: Enabled 2 GPEs in block 00 to 07
[    2.878528] vgaarb: setting as boot device: PCI:0000:00:02.0
[    2.880980] vgaarb: device added: PCI:0000:00:02.0,decodes=io+mem,owns=io+mem,locks=none
[    2.886023] vgaarb: loaded
[    2.887502] vgaarb: bridge control possible 0000:00:02.0
[    2.889863] SCSI subsystem initialized
[    2.891684] ACPI: bus type USB registered
[    2.894810] usbcore: registered new interface driver usbfs
[    2.897091] usbcore: registered new interface driver hub
[    2.899295] usbcore: registered new device driver usb
[    2.903748] PCI: Using ACPI for IRQ routing
[    2.906023] NetLabel: Initializing
[    2.907588] NetLabel:  domain hash size = 128
[    2.911312] NetLabel:  protocols = UNLABELED CIPSOv4
[    2.913543] NetLabel:  unlabeled traffic allowed by default
[    2.916382] amd_nb: Cannot enumerate AMD northbridges
[    2.929600] clocksource: Switched to clocksource kvm-clock
[    2.953626] AppArmor: AppArmor Filesystem Enabled
[    2.957051] pnp: PnP ACPI init
[    2.962230] pnp: PnP ACPI: found 3 devices
[    2.984113] clocksource: acpi_pm: mask: 0xffffff max_cycle: 0xffffff, max_idle_s: 2085701024 ns
    3.041965] NET: Registered protocol fmily 2

[    3.092015] TCP established hash table entries: 8192 (order: 4, 65536 btes)
[    3.123115] TCP bind hshtable entries: 8192 (order: 5, 13107 bytes)
[    3.196962] TCP: Hash tables conigured (established 8192 bind 8192)
[    3.22341] UDP hash tabe entries: 512 (rder: 2, 16384 bytes)
[    3.297144] UDP-Lite hash table entries: 512 (order: 2, 16384 bytes)
[   3.299538] NET: Registerd protoco family 1
[   3.37360] pci 0000:00:00.0: Limiting direct PCI/PCI transfers
[    3.423304] pci 0000:00:010: Acivating ISA MA hang workarounds
[    .497456]Unpacking initramfs...

[    3.790317] Freeing initrd memory: 14788K
[    3.805286] RAPL PMU detected, API unit is 2^-32 Joules, 4 fixed counters 10737418240 ms ovfl timer
[    3.815822] hw unit of domain pp0-core 2^-0 Joules
[    3.832548] hw unit of domain package 2^-0 Joules
[    3.844570] hw unit of domain dram 2^-0 Joules
[    3.863963] hw unit of domain pp1-gpu 2^-0 Joules
[    3.867979] platform rtc_cmos: registered platform RTC device (no PNP device found)
[    3.875146] Scaning fo low memoy corruption every 60 seconds

[    3.950529] audit: initializing netlink subsys (disabled)
[    3.959061] audit: type=2000 audit(1539879547.338:1): initialized
[    3.970828] Initialise system trusted keyring
[    3.975233] HugeTLB registered 2 MB page size, pre-allocated 0 pages
[    3.992616] zbud: loaded
[    3.995594] VFS: Disk quotas dquot_6.6.0
[    3.997319] VFS: Dquot-cache hash table entries: 512 (order 0, 4096 bytes)
[    4.004302] squashfs: version 4.0 (2009/01/31) Phillip Lougher
[    4.014786] fuse init (API version 7.23)
[    4.019473] Key type big_key registered
[    4.021223] Allocating IMA MOK and blacklist keyrings.
[    4.025229] Key type asymmetric registered
[    4.026898] Asymmetric key parser 'x509' registered
[    4.028948] Block layer SCSI generic (bsg) driver version 0.4 loaded (major 249)
[    4.037783] io scheduler noop registered
[    4.039466] io scheduler deadline registered (default)
[    4.041710] io scheduler cfq registered
[    4.043744] pci_hotplug: PCI Hot Plug PCI Core version: 0.5
[    4.046022] pciehp: PCI Express Hot Plug Controller Driver version: 0.4
[    4.049008] ACPI: AC Adapter [AC] (off-line)
[    4.051214] input: Power Button as /devices/LNXSYSTM:00/LNXPWRBN:00/input/input0
[    4.064677] ACPI: Power Button [PWRF]
[    4.068902] input: Sleep Button as /devices/LNXSYSTM:00/LNXSLPBN:00/input/input1
[    4.074609] ACPI: Sleep Button [SLPF]
[    4.077934] GHES: HEST is not enabled!
[    4.081081] ACPI: Battery Slot [BAT0] (battery present)
[    4.087200] Serial: 8250/16550 driver, 32 ports, IRQ sharing enabled
[    4.133605] 00:02: ttyS0 at I/O 0x3f8 (irq = 4, base_baud = 115200) is a 16550A
[    4.148334] Linux agpgart interface v0.103
[    4.153525] loop: module loaded
[    4.155937] scsi host0: ata_piix
[    4.157685] scsi host1: ata_piix
[    4.163106] ata1: PATA max UDMA/33 cmd 0x1f0 ctl 0x3f6 bmdma 0xd000 irq 14
[    4.167634] ata2: PATA max UDMA/33 cmd 0x170 ctl 0x376 bmdma 0xd008 irq 15
[    4.174764] libphy: Fixed MDIO Bus: probed
[    4.178942] tun: Universal TUN/TAP device driver, 1.6
[    4.186931] tun: (C) 1999-2004 Max Krasnyansky <maxk@qualcomm.com>
[    4.189350] PPP generic driver version 2.4.2
[    4.191245] ehci_hcd: USB 2.0 'Enhanced' Host Controller (EHCI) Driver
[    4.206395] ehci-pci: EHCI PCI platform driver
[    4.222579] ehci-platform: EHCI generic platform driver
[    4.235214] ohci_hcd: USB 1.1 'Open' Host Controller (OHCI) Driver
[    4.239754] ohci-pci: OHCI PCI platform driver
[    4.243004] ohci-platform: OHCI generic platform driver
[    4.248680] uhci_hcd: USB Universal Host Controller Interface driver
[    4.256826] i8042: PNP: PS/2 Controller [PNP0303:PS2K,PNP0f3:PS2] at 0x60,xx64 irq 1,12
[    4.332357] serio: i8042 KBD port at 0x60,0x64 irq 1
[    4.334355] serio: i8042 AUX por at 0x60,0x64 irq 12

[    4.360926] mousedev: PS/2 mouse device common for all mice
[    4.367371] input: AT Translated Set 2 keyboard as /devices/platform/i8042/serio0/input/input2
[    4.374188] rtc_cmos rtc_cmos: rtc core: registered rtc_cmos as rtc0
[    4.374262] rtc_cmos rtc_cmos: alarms up to one day, 114 bytes nvram
[    4.374273] i2c /dev entries driver
[    4.374354] device-mapper: uevent: version 1.0.3
[    4.374438] device-mapper: ioctl: 4.34.0-ioctl (2015-10-28) initialised: dm-devel@redhat.com
[    4.374464] ledtrig-cpu: registered to indicate activity on CPUs
[    4.374783] NET: Registered protocol family 10
[    4.374929] NET: Registered protocol family 17
[    4.374939] Key type dns_resolver registered
[    4.375164] registered taskstats version 1
[    4.375176] Loading compiled-in X.509 certificates
[    4.375879] Loaded X.509 cert 'Build time autogenerated kernel key: 20acc96b50ca7641011eace69d32209215a9b56f'
[    4.375899] zswap: loaded using pool lzo/zbud
[    4.377729] Key type trusted registered
[    4.381081] Key type encrypted registered
[    4.381088] AppArmor: AppArmor sha1 policy hashing enabled
[    4.381091] ima: No TPM chip found, activating TPM-bypass!
[    4.381096] ima: Allocated hash algorithm: sha1
[    4.381108] evm: HMAC attrs: 0x1
[    4.381561]   Magic number: 6:346:338
[    4.381579] tty tty59: hash matches
[    4.381857] rtc_cmos rtc_cmos: setting system clock to 2018-10-18 16:19:04 UTC (1539879544)
[    4.381943] BIOS EDD facility v0.16 2004-Jun-25, 0 devices found
[    4.381944] EDD information not available.
[    4.544936] Freeing unused kernel memory: 1528K
[    4.574150] Write protecting the kernel read-only data: 14336k
[    4.588601] Freeing unused kernel memory: 1672K
[    4.597441] Freeing unused kernel memory: 92K
Loading, please wait...
starting version 229
[    4.617014] random: systemd-udevd: uninitialized urandom read (16 bytes read, 5 bits of entropy available)
[    4.618118] random: udevadm: uninitialized urandom read (16 bytes read, 5 bits of entropy available)
[    4.618153] random: udevadm: uninitialized urandom read (16 bytes read, 5 bits of entropy available)
[    4.627689] random: udevadm: uninitialized urandom read (16 bytes read, 5 bits of entropy available)
[    4.627737] random: udevadm: uninitialized urandom read (16 bytes read, 5 bits of entropy available)
[    4.627872] random: udevadm: uninitialized urandom read (16 bytes read, 5 bits of entropy available)
[    4.627921] random: udevadm: uninitialized urandom read (16 bytes read, 5 bits of entropy available)
[    4.627968] random: udevadm: uninitialized urandom read (16 bytes read, 5 bits of entropy available)
[    4.628019] random: udevadm: uninitialized urandom read (16 bytes read, 5 bits of entropy available)
[    4.628064] random: udevadm: uninitialized urandom read (16 bytes read, 5 bits of entropy available)
[    4.757639] e1000: Intel(R) PRO/1000 Network Driver - version 7.3.21-k8-NAPI
[    4.765747] e1000: Copyright (c) 1999-2006 Intel Corporation.
[    4.771539] Fusion MPT base driver 3.04.20
[    4.773378] Copyright (c) 1999-2008 LSI Corporation
[    4.785189] Fusion MPT SPI Host driver 3.04.20
[    4.791599] AVX2 version of gcm_enc/dec engaged.
[    4.795339] AES CTR mode by8 optimization enabled
[    4.865736] tsc: Refined TSC clocksource calibration: 1800.537 MHz
[    4.867799] clocksource: tsc: mask: 0xffffffffffffffff max_cycles: 0x19f424d683f, max_idle_ns: 440795255758 ns
[    4.979081] input: ImExPS/2 Generic Explorer Mouse as /devices/platform/i8042/serio1/input/input4
[    5.200198] e1000 0000:00:03.0 eth0: (PCI:33MHz:32-bit) 02:28:89:27:00:51
[    5.208284] e1000 0000:00:03.0 eth0: Intel(R) PRO/1000 Network Connection
[    5.657952] e1000 0000:00:08.0 eth1: (PCI:33MHz:32-bit) 08:00:27:55:25:e9
[    5.660758] e1000 0000:00:08.0 eth1: Intel(R) PRO/1000 Network Connection
[    5.668974] e1000 0000:00:03.0 enp0s3: renamed from eth0
[    5.681368] mptbase: ioc0: Initiating bringup
[    5.694444] e1000 0000:00:08.0 enp0s8: renamed from eth1
[    5.750567] ioc0: LSI53C1030 A0: Capabilities={Initiator}
[    6.257622] scsi host2: ioc0: LSI53C1030 A0, FwRev=00000000h, Ports=1, MaxQ=256, IRQ=20
[    7.375963] scsi 2:0:0:0: Direct-Access     VBOX     HARDDISK         1.0  PQ: 0 ANSI: 5
[    7.392625] scsi target2:0:0: Beginning Domain Validation
[    7.402444] scsi target2:0:0: Domain Validation skipping write tests
[    7.404444] scsi target2:0:0: Ending Domain Validation
[    7.406143] scsi target2:0:0: asynchronous
[    7.408021] scsi 2:0:1:0: Direct-Access     VBOX     HARDDISK         1.0  PQ: 0 ANSI: 5
[    7.410606] scsi target2:0:1: Beginning Domain Validation
[    7.413365] scsi target2:0:1: Domain Validation skipping write tests
[    7.415363] scsi target2:0:1: Ending Domain Validation
[    7.417160] scsi target2:0:1: asynchronous
[    7.427312] sd 2:0:0:0: Attached scsi generic sg0 type 0
[    7.429511] sd 2:0:1:0: Attached scsi generic sg1 type 0
[    7.429693] sd 2:0:0:0: [sda] 20971520 512-byte logical blocks: (10.7 GB/10.0 GiB)
[    7.436231] sd 2:0:1:0: [sdb] 20480 512-byte logical blocks: (10.5 MB/10.0 MiB)
[    7.439332] sd 2:0:0:0: [sda] Write Protect is off
[    7.441908] sd 2:0:0:0: [sda] Incomplete mode parameter data
[    7.444085] sd 2:0:0:0: [sda] Assuming drive cache: write through
[    7.446782] sd 2:0:1:0: [sdb] Write Protect is off
[    7.457440]  sda: sda1
[    7.458308] sd 2:0:0:0: [sda] Attached SCSI disk
[    7.462489] sd 2:0:1:0: [sdb] Incomplete mode parameter data
[    7.464523] sd 2:0:1:0: [sdb] Assuming drive cache: write through
[    7.471098] sd 2:0:1:0: [sdb] Attached SCSI disk
Begin: Loading essential drivers ... [    8.970781] md: linear personality registered for level -1
[    8.982124] md: multipath personality registered for level -4
[    8.991506] md: raid0 personality registered for level 0
[    9.025292] md: raid1 personality registered for level 1
[    9.106273] raid6: sse2x1   gen()  4376 MB/s
[    9.173699] raid6: sse2x1   xor()  4390 MB/s
[    9.249867] raid6: sse2x2   gen()  9447 MB/s
[    9.317688] raid6: sse2x2   xor()  6456 MB/s
[    9.385658] raid6: sse2x4   gen() 10893 MB/s
[    9.453669] raid6: sse2x4   xor()  7800 MB/s
[    9.521795] raid6: avx2x1   gen() 14083 MB/s
[    9.590559] raid6: avx2x2   gen() 17252 MB/s
[    9.661671] raid6: avx2x4   gen() 19089 MB/s
[    9.663553] raid6: using algorithm avx2x4 gen() 19089 MB/s
[    9.674906] raid6: using avx2x2 recovery algorithm
[    9.681048] xor: automatically using best checksumming function:
[    9.721800]    avx       : 25110.000 MB/sec
[    9.725385] async_tx: api initialized (async)
[    9.738606] md: raid6 personality registered for level 6
[    9.741575] md: raid5 personality registered for level 5
[    9.744126] md: raid4 personality registered for level 4
[    9.765553] md: raid10 personality registered for level 10
done.
Begin: Running /scripts/init-premount ... done.
Begin: Mounting root file system ... Begin: Running /scripts/local-top ... done.
Begin: Running /scripts/local-premount ... [    9.854076] Btrfs loaded
Scanning for Btrfs filesystems
done.
Warning: fsck not present, so skipping root file system
[    9.941054] EXT4-fs (sda1): mounted filesystem with ordered data mode. Opts: (null)
done.
Begin: Running /scripts/local-bottom ... done.
Begin: Running /scripts/init-bottom ... done.
[   10.049590] systemd[1]: systemd 229 running in system mode. (+PAM +AUDIT +SELINUX +IMA +APPARMOR +SMACK +SYSVINIT +UTMP +LIBCRYPTSETUP +GCRYPT +GNUTLS +ACL +XZ -LZ4 +SECCOMP +BLKID +ELFUTILS +KMOD -IDN)
[   10.077872] systemd[1]: Detected virtualization oracle.
[   10.083750] systemd[1]: Detected architecture x86-64.

Welcome to [1mUbuntu 16.04.5 LTS[0m!

[   10.094043] systemd[1]: Set hostname to <ubuntu>.
[   10.122864] systemd[1]: Initializing machine ID from random generator.
[   10.124930] systemd[1]: Installed transient /etc/machine-id file.
[   10.295949] systemd[1]: Created slice User and Session Slice.
[[0;32m  OK  [0m] Created slice User and Session Slice.
[   10.304309] systemd[1]: Reached target System Time Synchronized.
[[0;32m  OK  [0m] Reached target System Time Synchronized.
[   10.319881] systemd[1]: Listening on LVM2 poll daemon socket.
[[0;32m  OK  [0m] Listening on LVM2 poll daemon socket.
[   10.330701] systemd[1]: Listening on Journal Socket.
[[0;32m  OK  [0m] Listening on Journal Socket.
[   10.342254] systemd[1]: Listening on LVM2 metadata daemon socket.
[[0;32m  OK  [0m] Listening on LVM2 metadata daemon socket.
[   10.375029] systemd[1]: Set up automount Arbitrary Executable File Formats File System Automount Point.
[[0;32m  OK  [0m] Set up automount Arbitrary Executab...ats File System Automount Point.
[   10.394798] systemd[1]: Listening on udev Kernel Socket.
[[0;32m  OK  [0m] Listening on udev Kernel Socket.
[   10.408065] systemd[1]: Reached target Encrypted Volumes.
[[0;32m  OK  [0m] Reached target Encrypted Volumes.
[   10.416588] systemd[1]: Listening on Journal Socket (/dev/log).
[[0;32m  OK  [0m] Listening on Journal Socket (/dev/log).
[   10.439584] systemd[1]: Created slice System Slice.
[[0;32m  OK  [0m] Created slice System Slice.
[   10.462409] systemd[1]: Mounting Huge Pages File System...
         Mounting Huge Pages File System...
[   10.470132] systemd[1]: Mounting Debug File System...
         Mounting Debug File System...
[   10.502238] systemd[1]: Starting Nameserver information manager...
         Starting Nameserver information manager...
[   10.518927] systemd[1]: Starting Remount Root and Kernel File Systems...
[   10.522738] EXT4-fs (sda1): re-mounted. Opts: (null)
         Starting Remount Root and Kernel File Systems...
[   10.550813] systemd[1]: Starting Uncomplicated firewall...
         Starting Uncomplicated firewall...
[   10.581320] systemd[1]: Starting Load Kernel Modules...
         Starting Load Kernel Mo[   10.590198] Loading iSCSI transport class v2.0-870.
dules...
[   10.617813] iscsi: registered transport (tcp)
[   10.618421] systemd[1]: Created slice system-serial\x2dgetty.slice.
[[0;32m  OK  [0m] Created slice system-serial\x2dgetty.slice.
[   10.639150] systemd[1]: Listening on udev Control Socket.
[[0;32m  OK  [0m] Listening on udev Control Socket.
[   10.658051] systemd[1]: Started Trigger resolvconf update for networkd DNS.
[[0;32m  OK  [0m] Started Trigger resolvconf update for networ[   10.677740] iscsi: registered transport (iser)
kd DNS.
[   10.690823] systemd[1]: Reached target Slices.
[[0;32m  OK  [0m] Reached target Slices.
[   10.706756] systemd[1]: Reached target User and Group Name Lookups.
[[0;32m  OK  [0m] Reached target User and Group Name Lookups.
[   10.719577] random: nonblocking pool is initialized
[   10.738423] systemd[1]: Starting Create list of required static device nodes for the current kernel...
         Starting Create list of required st... nodes for the current kernel...
[   10.762006] systemd[1]: Listening on Syslog Socket.
[[0;32m  OK  [0m] Listening on Syslog Socket.
[   10.781628] systemd[1]: Listening on Device-mapper event daemon FIFOs.
[[0;32m  OK  [0m] Listening on Device-mapper event daemon FIFOs.
[   10.818663] systemd[1]: Starting Monitoring of LVM2 mirrors, snapshots etc. using dmeventd or progress polling...
         Starting Monitoring of LVM2 mirrors... dmeventd or progress polling...
[   10.835877] systemd[1]: Starting Set console keymap...
         Starting Set console keymap...
[   10.847209] systemd[1]: Listening on /dev/initctl Compatibility Named Pipe.
[[0;32m  OK  [0m] Listening on /dev/initctl Compatibility Named Pipe.
[   10.853222] systemd[1]: Started Forward Password Requests to Wall Directory Watch.
[[0;32m  OK  [0m] Started Forward Password Requests to Wall Directory Watch.
[   10.859512] systemd[1]: Listening on Journal Audit Socket.
[[0;32m  OK  [0m] Listening on Journal Audit Socket.
[   10.886254] systemd[1]: Starting Journal Service...
         Starting Journal Service...
[   10.894162] systemd[1]: Reached target Swap.
[[0;32m  OK  [0m] Reached target Swap.
[   10.906375] systemd[1]: Mounting POSIX Message Queue File System...
         Mounting POSIX Message Queue File System...
[   10.943868] systemd[1]: Mounted Debug File System.
[[0;32m  OK  [0m] Mounted Debug File System.
[   10.949000] systemd[1]: Mounted POSIX Message Queue File System.
[[0;32m  OK  [0m] Mounted POSIX Message Queue File System.
[   10.966181] systemd[1]: Mounted Huge Pages File System.
[[0;32m  OK  [0m] Mounted Huge Pages File System.
[   10.982806] systemd[1]: Started Journal Service.
[[0;32m  OK  [0m] Started Journal Service.
[[0;32m  OK  [0m] Started Remount Root and Kernel File Systems.
[[0;32m  OK  [0m] Started Uncomplicated firewall.
[[0;32m  OK  [0m] Started Load Kernel Modules.
[[0;32m  OK  [0m] Started Create list of required sta...ce nodes for the current kernel.
[[0;32m  OK  [0m] Started Set console keymap.
[[0;32m  OK  [0m] Started Nameserver information manager.
[[0;32m  OK  [0m] Started LVM2 metadata daemon.
         Starting Create Static Device Nodes in /dev...
         Starting Apply Kernel Variables...
         Mounting FUSE Control File System...
         Starting udev Coldplug all Devices...
         Starting Load/Save Random Seed...
         Starting Flush Journal to Persistent Storage...
[[0;32m  OK  [0m] Mounted FUSE Control File System.
[[0;32m  OK  [0m] Started Create Static Device Nodes in /dev.
[[0;32m  OK  [0m] Started Apply Kernel Variables.
[[0;32m  OK  [0m] Started Load/Save Random Seed.
[[0;32m  OK  [0m] Started udev Coldplug all Devices.
[[0;32m  OK  [0m] Started Flush Journal to Persistent Storage.
         Starting udev Kernel Device Manager...
[[0;32m  OK  [0m] Started Monitoring of LVM2 mirrors,...ng dmeventd or progress polling.
[[0;32m  OK  [0m] Started udev Kernel Device Manager.
[[0;32m  OK  [0m] Reached target Local File Systems (Pre).
[[0;32m  OK  [0m] Reached target Local File Systems.
         Starting Set console font and keymap...
         Starting LSB: AppArmor initialization...
         Starting Tell Plymouth To Write Out Runtime Data...
         Starting Initial cloud-init job (pre-networking)...
         Starting Commit a transient machine-id on disk...
         Starting Create Volatile Files and Directories...
[[0;32m  OK  [0m] Started Dispatch Password Requests to Console Directory Watch.
[[0;32m  OK  [0m] Started Tell Plymouth To Write Out Runtime Data.
[[0;32m  OK  [0m] Started Create Volatile Files and Directories.
[[0;32m  OK  [0m] Started Commit a transient machine-id on disk.
         Starting Update UTMP about System Boot/Shutdown...
[[0;32m  OK  [0m] Started Update UTMP about System Boot/Shutdown.
[[0;32m  OK  [0m] Found device /dev/ttyS0.
[[0;32m  OK  [0m] Listening on Load/Save RF Kill Switch Status /dev/rfkill Watch.
[[0;32m  OK  [0m] Started Set console font and keymap.
[[0;32m  OK  [0m] Created slice system-getty.slice.
[   10.706351] cloud-init[491]: Cloud-init v. 18.3-9-g2e62cb8a-0ubuntu1~16.04.2 running 'init-local' at Thu, 18 Oct 2018 16:19:12 +0000. Up 10.24 seconds.
[[0;32m  OK  [0m] Started LSB: AppArmor initialization.
[[0;32m  OK  [0m] Started Initial cloud-init job (pre-networking).
[[0;32m  OK  [0m] Reached target Network (Pre).
         Starting Raise network interfaces...
[[0;32m  OK  [0m] Started Raise network interfaces.
         Starting Initial cloud-init job (metadata service crawler)...
[[0;32m  OK  [0m] Reached target Network.
[   12.216487] cloud-init[942]: Cloud-init v. 18.3-9-g2e62cb8a-0ubuntu1~16.04.2 running 'init' at Thu, 18 Oct 2018 16:19:14 +0000. Up 11.58 seconds.
[   12.228029] cloud-init[942]: ci-info: +++++++++++++++++++++++++++++++++++++Net device info++++++++++++++++++++++++++++++++++++++
[   12.240859] cloud-init[942]: ci-info: +--------+-------+--------------------------+---------------+--------+-------------------+
[   12.247388] cloud-init[942]: ci-info: | Device |   Up  |         Address          |      Mask     | Scope  |     Hw-Address    |
[   12.252070] cloud-init[942]: ci-info: +--------+-------+--------------------------+---------------+--------+-------------------+
[   12.256896] cloud-init[942]: ci-info: | enp0s3 |  True |        10.0.2.15         | 255.255.255.0 | global | 02:28:89:27:00:51 |
[   12.261500] cloud-init[942]: ci-info: | enp0s3 |  True | fe80::28:89ff:fe27:51/64 |       .       |  link  | 02:28:89:27:00:51 |
[   12.266537] cloud-init[942]: ci-info: | enp0s8 | False |            .             |       .       |   .    | 08:00:27:55:25:e9 |
[   12.274246] cloud-init[942]: ci-info: |   lo   |  True |        127.0.0.1         |   255.0.0.0   |  host  |         .         |
[   12.312264] cloud-init[942]: ci-info: |   lo   |  True |         ::1/128          |       .       |  host  |         .         |
[   12.312444] cloud-init[942]: ci-info: +--------+-------+--------------------------+---------------+--------+-------------------+
[   12.315298] cloud-init[942]: ci-info: +++++++++++++++++++++++++++Route IPv4 info++++++++++++++++++++++++++++
[   12.315385] cloud-init[942]: ci-info: +-------+-------------+----------+---------------+-----------+-------+
[   12.315468] cloud-init[942]: ci-info: | Route | Destination | Gateway  |    Genmask    | Interface | Flags |
[   12.315544] cloud-init[942]: ci-info: +-------+-------------+----------+---------------+-----------+-------+
[   12.315619] cloud-init[942]: ci-info: |   0   |   0.0.0.0   | 10.0.2.2 |    0.0.0.0    |   enp0s3  |   UG  |
[   12.315932] cloud-init[942]: ci-info: |   1   |   10.0.2.0  | 0.0.0.0  | 255.255.255.0 |   enp0s3  |   U   |
[   12.316128] cloud-init[942]: ci-info: +-------+-------------+----------+---------------+-----------+-------+
[   12.316256] cloud-init[942]: ci-info: +++++++++++++++++++Route IPv6 info+++++++++++++++++++
[   12.316357] cloud-init[942]: ci-info: +-------+-------------+---------+-----------+-------+
[[0;32m  OK  [0m] Started Initial cloud-init job (metadata service crawler).
[   12.320421] cloud-init[942]: ci-info: | Route | Destination | Gateway | Interface | Flags |
[   12.723484] cloud-init[942]: ci-info: +-------+-------------+---------+-----------+-------+
[   12.723975] cloud-init[942]: ci-info: |   0   |  fe80::/64  |    ::   |   enp0s3  |   U   |
[[0;32m  OK  [0m] Reached target Cloud-config availability.
[[   12.725099] cloud-init[942]: ci-info: |   3   |   ff00::/8  |    ::   |   enp0s3  |   U   |
[   12.758495] cloud-init[942]: ci-info: +-------+-------------+---------+-----------+-------+
[0;32m  OK  [0m] Reached target Network is Online.
[   12.761548] cloud-init[942]: Generating public/private rsa key pair.
[   12.826373] cloud-init[942]: Your identification has been saved in /etc/ssh/ssh_host_rsa_key.
         Starting iSCSI initiator daemon (iscsid)...
[   12.826874] cloud-init[942]: Your public key has been saved in /etc/ssh/ssh_host_rsa_key.pub.
[   12.877380] cloud-init[942]: The key fingerprint is:
[[0;32m  OK  [0m] Reached target System Initialization.
[   12.878293] cloud-init[942]: SHA256:PWXl8JPoJKQ9bBJr0RMHpmKe/s2pPmFH5/x3aKHXPQ0 root@ubuntu-xenial
[   12.886323] cloud-init[942]: The key's randomart image is:
[   12.886858] cloud-init[942]: +---[RSA 2048]----+
[[0;32m  OK  [0m] Listening on ACPID Listen Socket.
[   12.887651] cloud-init[942]: |        o.=oo .  |
[   12.944351] cloud-init[942]: |         @o. * . |
[   12.952953] cloud-init[942]: |      o * *.= =  |
[   12.953728] cloud-init[942]: |     o + +.B.  . |
[[0;32m  OK  [0m] Started ACPI Events Check.
[   12.955289] cloud-init[942]: |      o S.o+.    |
[   12.980445] cloud-init[942]: |     .  o ..o E  |
[   12.980975] cloud-init[942]: |      .. o   o =o|
[[0;32m  OK  [0m] Reached target Paths.
[   12.983154] cloud-init[942]: |       ..o .. =.*|
[   12.996843] [cloud-init[0;32m  OK  [0m[942]: ] |       .+o+  o .o|Listening on UUID daemon activation socket.

[   12.997920] cloud-init[942]: +----[SHA256]-----+
[   13.070647] cloud-init[942]: Generating public/private dsa key pair.
[[0;32m  OK  [0m] Started Daily Cleanup of Temporary Directories.
[   13.071864] cloud-init[942]: Your identification has been saved in /etc/ssh/ssh_host_dsa_key.
[[0;32m  OK  [0m] Started Daily apt download activities.
[   13.128841] cloud-init[942]: Your public key has been saved in /etc/ssh/ssh_host_dsa_key.pub.
[   13.191119] cloud-init[942]: [The key fingerprint is:
[0;32m  OK  [0m] Started Daily apt upgrade and clean activities.
[   13.191911] cloud-init[942]: SHA256:UsPLUnDqXp+PAjFPp2EsM2HeiMZnfrk4rDLtZGBzAMI root@ubuntu-xenial
[   13.243487] cloud-init[942]: The key's randomart image is:
[   13.244099] cloud-init[942]: +---[DSA 1024]----+
[[0;32m  OK  [0m] Listening on D-Bus System Message Bus Socket.
[   13.244505] cloud-init[942]: |+     . .        |
[[   13.280626] cloud-init[942]: |.E    o=         |
[   13.282166] cloud-init[942]: |  .. +.==        |
[0;32m  OK  [0m] Reached target Timers.
[   13.283222] cloud-init[942]: |   .+.@+*o.      |
         Starting Socket activation for snappy daemon.
[   13.332786] cloud-init[942]: |  +..++XS=       |
[   13.333522] cloud-init[942]: | . + .o+=. .     |
         Starting LXD - unix socket.
[   13.334413] cloud-init[942]: |   .o..+ .o      |
[   13.376525] cloud-init[942]: |  oo. + o  o     |
[   13.377197] cloud-init[942]: |   +o. . .. .    |
[[0;32m  OK  [0m] Listening on Socket activation for snappy daemon.
[   13.378402] cloud-init[942]: +----[SHA256]-----+
[   13.414569] cloud-init[942]: Generating public/private ecdsa key pair.
[[0;32m  OK  [0m] Listening on LXD - unix socket.
[[   13.416576] cloud-init[942]: Your identification has been saved in /etc/ssh/ssh_host_ecdsa_key.
[   13.459183] cloud-init[942]: Your public key has been saved in /etc/ssh/ssh_host_ecdsa_key.pub.
[   13.463193] cloud-init[942]: The key fingerprint is:
[   13.465120] cloud-init[942]: SHA256:0cJh2trby/1Xyi2/azUJHp8ZR3u020E0y17xkDjOFHQ root@ubuntu-xenial
[0;32m  OK  [0m] Started iSCSI initiator daemon (iscsid).
[   13.467193] cloud-init[942]: The key's randomart image is:
[   13.526601] cloud-init[942]: +---[ECDSA 256]---+
[   13.529069] cloud-init[942]: |        o  .ooE= |
[   13.540575] cloud-init[942]: |       = o  +.ooB|
[   13.545635] cloud-init[942]: |      . = .+ ..==|
[   13.565268] cloud-init[942]: |       o o  oo.=+|
[   13.566031] cloud-init[942]: |      . S   . +.@|
[   13.568099] cloud-init[942]: |         o   . B+|
         Starting Login to default iSCSI targets...
[[   13.568610] cloud-init[942]: |        . .  . o+|
[   13.594935] cloud-init[942]: |         . o  +.o|
[0;32m  OK  [0m] Reached target Sockets.
[   13.595736] cloud-init[942]: |          o ..o*+|
[   13.639336] cloud-init[942]: [[0;32m  OK  [0m] Reached target Basic System.
+----[SHA256]-----+
         Starting Accounts Service...
[   13.656832] cloud-init[942]: Generating public/private ed25519 key pair.
[   13.668426] cloud-init[942]: Your identification has been saved in /etc/ssh/ssh_host_ed25519_key.
[   13.668995] cloud-init[942]: Your public key has been saved in /etc/ssh/ssh_host_ed25519_key.pub.
[   13.672629] cloud-init[942]: The key fingerprint is:
[   13.675540] cloud-init[942]: SHA256:o0RvG56ZPY6BjEwAmBI5pQcCQNUGXY4ydHKa7xEw3Nk root@ubuntu-xenial
[   13.676673] cloud-init[942]: The key's randomart image is:
[   13.677285] cloud-init[942]: +--[ED25519 256]--+
[   13.677351] cloud-init[942]: |%*+B=o+.         |
[   13.677414] cloud-init[942]: |B+..O*oE         |
         Starting Virtualbox guest utils...
[   13.677887] cloud-init[942]: |o.o=.o..         |
[   13.737676] cloud-init[942]: | . .+...         |
[   13.738566] cloud-init[942]: |    .o. S        |
[   13.741044] cloud-init[942]: |   o.+.= O       |
[   13.742275] cloud-init[942]: |    o.+ B o      |
[   13.744397] cloud-init[942]: |         + .     |
[   13.745339] cloud-init[942]: |        . .      |
[   13.745401] cloud-init[942]: +----[SHA256]-----+
         Starting /etc/rc.local Compatibility...
[[0;32m  OK  [0m] Started ACPI event daemon.
         Starting LSB: MD monitoring daemon...
[[0;32m  OK  [0m] Started D-Bus System Message Bus.
         Starting Pollinate to seed the pseudo random number generator...
[[0;32m  OK  [0m] Started Regular background program processing daemon.
         Starting LSB: Record successful boot for GRUB...
         Starting System Logging Service...
[[0;32m  OK  [0m] Started Deferred execution scheduler.
         Starting Login Service...
         Starting LXD - container startup/shutdown...
[[0;32m  OK  [0m] Started FUSE filesystem for LXC.
[[0;32m  OK  [0m] Started Unattended Upgrades Shutdown.
         Starting Snappy daemon...
[[0;32m  OK  [0m] Started System Logging Service.
[[0;32m  OK  [0m] Started /etc/rc.local Compatibility.
[[0;32m  OK  [0m] Started LXD - container startup/shutdown.
[[0;32m  OK  [0m] Started Login to default iSCSI targets.
[[0;32m  OK  [0m] Started LSB: MD monitoring daemon.
[[0;32m  OK  [0m] Started LSB: Record successful boot for GRUB.
         Starting Authenticate and Authorize Users to Run Privileged Tasks...
[[0;32m  OK  [0m] Reached target Remote File Systems (Pre).
[[0;32m  OK  [0m] Reached target Remote File Systems.
         Starting LSB: daemon to balance interrupts for SMP systems...
         Starting Permit User Sessions...
         Starting LSB: automatic crash report generation...
         Starting LSB: Set the CPU Frequency Scaling governor to "ondemand"...
[[0;32m  OK  [0m] Started Pollinate to seed the pseudo random number generator.
[[0;32m  OK  [0m] Started Permit User Sessions.
[[0;32m  OK  [0m] Started Virtualbox guest utils.
[[0;32m  OK  [0m] Started Login Service.
[[0;32m  OK  [0m] Started Snappy daemon.
[[0;32m  OK  [0m] Started Authenticate and Authorize Users to Run Privileged Tasks.
[[0;32m  OK  [0m] Started Accounts Service.
         Starting Wait until snapd is fully seeded...
         Starting Terminate Plymouth Boot Screen...
         Starting Hold until boot process finishes up...
         Starting OpenBSD Secure Shell server...
[[0;32m  OK  [0m] Started LSB: Set the CPU Frequency Scaling governor to "ondemand".
[[0;32m  OK  [0m] Started LSB: automatic crash report generation.
[[0;32m  OK  [0m] Started LSB: daemon to balance interrupts for SMP systems.
[[0;32m  OK  [0m] Started Terminate Plymouth Boot Screen.
[[0;32m  OK  [0m] Started Hold until boot process finishes up.
[[0;32m  OK  [0m] Started OpenBSD Secure Shell server.
[[0;32m  OK  [0m] Started Serial Getty on ttyS0.
         Starting Set console scheme...
[[0;32m  OK  [0m] Started Getty on tty1.
[[0;32m  OK  [0m] Reached target Login Prompts.
[[0;32m  OK  [0m] Started Set console scheme.
[[0;32m  OK  [0m] Started Wait until snapd is fully seeded.
         Starting Apply the settings specified in cloud-config...
[[0;32m  OK  [0m] Reached target Multi-User System.
[[0;32m  OK  [0m] Reached target Graphical Interface.
         Starting Update UTMP about System Runlevel Changes...
[[0;32m  OK  [0m] Started Update UTMP about System Runlevel Changes.
[   16.249691] cloud-init[1259]: Generating locales (this might take a while)...
[   17.173733] cloud-init[1259]:   en_US.UTF-8... done
[   17.176866] cloud-init[1259]: Generation complete.
[[0;32m  OK  [0m] Created slice User Slice of vagrant.
         Starting User Manager for UID 1000...
[   17.607258] cloud-init[1259]: Cloud-init v. 18.3-9-g2e62cb8a-0ubuntu1~16.04.2 running 'modules:config' at Thu, 18 Oct 2018 16:19:18 +0000. Up 16.05 seconds.
[[0;32m  OK  [0m] Started Session 1 of user vagrant.
[[0;32m  OK  [0m] Started User Manager for UID 1000.
[[0;32m  OK  [0m] Started Apply the settings specified in cloud-config.
         Starting Execute cloud user/final scripts...
ci-info: no authorized ssh keys fingerprints found for user ubuntu.
<14>Oct 18 16:19:21 ec2: 
<14>Oct 18 16:19:21 ec2: #############################################################
<14>Oct 18 16:19:21 ec2: -----BEGIN SSH HOST KEY FINGERPRINTS-----
<14>Oct 18 16:19:21 ec2: 1024 SHA256:UsPLUnDqXp+PAjFPp2EsM2HeiMZnfrk4rDLtZGBzAMI root@ubuntu-xenial (DSA)
<14>Oct 18 16:19:21 ec2: 256 SHA256:0cJh2trby/1Xyi2/azUJHp8ZR3u020E0y17xkDjOFHQ root@ubuntu-xenial (ECDSA)
<14>Oct 18 16:19:21 ec2: 256 SHA256:o0RvG56ZPY6BjEwAmBI5pQcCQNUGXY4ydHKa7xEw3Nk root@ubuntu-xenial (ED25519)
<14>Oct 18 16:19:21 ec2: 2048 SHA256:PWXl8JPoJKQ9bBJr0RMHpmKe/s2pPmFH5/x3aKHXPQ0 root@ubuntu-xenial (RSA)
<14>Oct 18 16:19:21 ec2: -----END SSH HOST KEY FINGERPRINTS-----
<14>Oct 18 16:19:21 ec2: #############################################################
-----BEGIN SSH HOST KEY KEYS-----
ecdsa-sha2-nistp256 AAAAE2VjZHNhLXNoYTItbmlzdHAyNTYAAAAIbmlzdHAyNTYAAABBBJ3cffrgEqoWnn4ZxAnCJNR/d6LdVi3QTufezBdAShC4TZPBGIu+C3gzp+lo3N2vUFJ2/r5+bMN/Tkq1tQMcQ+0= root@ubuntu-xenial
ssh-ed25519 AAAAC3NzaC1lZDI1NTE5AAAAINMv6QwY4cCCz/ByU8xzDxb0n0Mjk60UKPoLwlhg84Wl root@ubuntu-xenial
ssh-rsa AAAAB3NzaC1yc2EAAAADAQABAAABAQDlIJixTrfNcSBjih5+lqnX6HowLKsdFEXFtCMrMNPZ/ILH+16KbS+7E2iwwK/CHl9/89x41YvME/XKq+b02DV9X22RdydGb1/DVI5D/ayzuukYH6eV+kIf8GkD4dVcWu3MpJp7gEMmGvcmoXH3A7WoiORdw8PGg4uCrOMe6ha3Qf+CeiyhMuyRkkYiCUVi6rKLEtjMMhPDDn4njwFxvyXqoOiOIiEeLf4HOirvlakz39YCH8mnRR3IGnpQL2LwSvT4PYVzZ2dr1AKHeNcBBwZQNhPdzVRMcm64RMTR+pOAwQ7VaZdr9LMmhY8+YoV/lX3vW/pNK62VotmaRWj/j3b5 root@ubuntu-xenial
-----END SSH HOST KEY KEYS-----
[   18.872145] cloud-init[1324]: Cloud-init v. 18.3-9-g2e62cb8a-0ubuntu1~16.04.2 running 'modules:final' at Thu, 18 Oct 2018 16:19:20 +0000. Up 18.24 seconds.
[   18.881448] cloud-init[1324]: ci-info: no authorized ssh keys fingerprints found for user ubuntu.
[   18.897478] cloud-init[1324]: Cloud-init v. 18.3-9-g2e62cb8a-0ubuntu1~16.04.2 finished at Thu, 18 Oct 2018 16:19:21 +0000. Datasource DataSourceNoCloud [seed=/dev/sdb][dsmode=net].  Up 18.85 seconds
[[0;32m  OK  [0m] Started Execute cloud user/final scripts.
[[0;32m  OK  [0m] Reached target Cloud-init target.

Ubuntu 16.04.5 LTS ubuntu-xenial ttyS0

ubuntu-xenial login: 